<?xml version="1.0" encoding="UTF-8"?>
<!-- Generated by org.testng.reporters.JUnitXMLReporter -->
<testsuite hostname="Bulbul-XPS" ignored="0" name="Command line test" tests="1" failures="1" timestamp="07 Sep 2020 18:25:42 GMT" time="2.894" errors="0">
  <testcase name="feature" time="2.638" classname="cucumber.api.testng.AbstractTestNGCucumberTests">
    <failure type="cucumber.runtime.CucumberException" message="org.openqa.selenium.SessionNotCreatedException: session not created: This version of ChromeDriver only supports Chrome version 79
Build info: version: &amp;apos;3.141.59&amp;apos;, revision: &amp;apos;e82be7d358&amp;apos;, time: &amp;apos;2018-11-14T08:17:03&amp;apos;
System info: host: &amp;apos;BULBUL-XPS&amp;apos;, ip: &amp;apos;10.67.110.241&amp;apos;, os.name: &amp;apos;Windows 10&amp;apos;, os.arch: &amp;apos;amd64&amp;apos;, os.version: &amp;apos;10.0&amp;apos;, java.version: &amp;apos;1.8.0_201&amp;apos;
Driver info: driver.version: ChromeDriver
remote stacktrace: Backtrace:
	Ordinal0 [0x0091A113+1548563]
	Ordinal0 [0x0089DDA1+1039777]
	Ordinal0 [0x0081E485+517253]
	Ordinal0 [0x007AFD34+64820]
	Ordinal0 [0x007AC61E+50718]
	Ordinal0 [0x007CB797+178071]
	Ordinal0 [0x007CB59D+177565]
	Ordinal0 [0x007C95FB+169467]
	Ordinal0 [0x007B160A+71178]
	Ordinal0 [0x007B2690+75408]
	Ordinal0 [0x007B2629+75305]
	Ordinal0 [0x008B71B7+1143223]
	GetHandleVerifier [0x009B2B46+507814]
	GetHandleVerifier [0x009B2864+507076]
	GetHandleVerifier [0x009B9F47+537511]
	GetHandleVerifier [0x009B3402+510050]
	Ordinal0 [0x008AF29C+1110684]
	Ordinal0 [0x008B938B+1151883]
	Ordinal0 [0x008B94F3+1152243]
	Ordinal0 [0x008B83F5+1147893]
	BaseThreadInitThunk [0x76416359+25]
	RtlGetAppContainerNamedObjectPath [0x775D7C24+228]
	RtlGetAppContainerNamedObjectPath [0x775D7BF4+180]
">
      <![CDATA[cucumber.runtime.CucumberException: org.openqa.selenium.SessionNotCreatedException: session not created: This version of ChromeDriver only supports Chrome version 79
Build info: version: '3.141.59', revision: 'e82be7d358', time: '2018-11-14T08:17:03'
System info: host: 'BULBUL-XPS', ip: '10.67.110.241', os.name: 'Windows 10', os.arch: 'amd64', os.version: '10.0', java.version: '1.8.0_201'
Driver info: driver.version: ChromeDriver
remote stacktrace: Backtrace:
Ordinal0 [0x0091A113+1548563]
Ordinal0 [0x0089DDA1+1039777]
Ordinal0 [0x0081E485+517253]
Ordinal0 [0x007AFD34+64820]
Ordinal0 [0x007AC61E+50718]
Ordinal0 [0x007CB797+178071]
Ordinal0 [0x007CB59D+177565]
Ordinal0 [0x007C95FB+169467]
Ordinal0 [0x007B160A+71178]
Ordinal0 [0x007B2690+75408]
Ordinal0 [0x007B2629+75305]
Ordinal0 [0x008B71B7+1143223]
GetHandleVerifier [0x009B2B46+507814]
GetHandleVerifier [0x009B2864+507076]
GetHandleVerifier [0x009B9F47+537511]
GetHandleVerifier [0x009B3402+510050]
Ordinal0 [0x008AF29C+1110684]
Ordinal0 [0x008B938B+1151883]
Ordinal0 [0x008B94F3+1152243]
Ordinal0 [0x008B83F5+1147893]
BaseThreadInitThunk [0x76416359+25]
RtlGetAppContainerNamedObjectPath [0x775D7C24+228]
RtlGetAppContainerNamedObjectPath [0x775D7BF4+180]

at cucumber.api.testng.TestNGCucumberRunner.runCucumber(TestNGCucumberRunner.java:69)
at cucumber.api.testng.AbstractTestNGCucumberTests.feature(AbstractTestNGCucumberTests.java:21)
Caused by: org.openqa.selenium.SessionNotCreatedException: session not created: This version of ChromeDriver only supports Chrome version 79
Build info: version: '3.141.59', revision: 'e82be7d358', time: '2018-11-14T08:17:03'
System info: host: 'BULBUL-XPS', ip: '10.67.110.241', os.name: 'Windows 10', os.arch: 'amd64', os.version: '10.0', java.version: '1.8.0_201'
Driver info: driver.version: ChromeDriver
remote stacktrace: Backtrace:
Ordinal0 [0x0091A113+1548563]
Ordinal0 [0x0089DDA1+1039777]
Ordinal0 [0x0081E485+517253]
Ordinal0 [0x007AFD34+64820]
Ordinal0 [0x007AC61E+50718]
Ordinal0 [0x007CB797+178071]
Ordinal0 [0x007CB59D+177565]
Ordinal0 [0x007C95FB+169467]
Ordinal0 [0x007B160A+71178]
Ordinal0 [0x007B2690+75408]
Ordinal0 [0x007B2629+75305]
Ordinal0 [0x008B71B7+1143223]
GetHandleVerifier [0x009B2B46+507814]
GetHandleVerifier [0x009B2864+507076]
GetHandleVerifier [0x009B9F47+537511]
GetHandleVerifier [0x009B3402+510050]
Ordinal0 [0x008AF29C+1110684]
Ordinal0 [0x008B938B+1151883]
Ordinal0 [0x008B94F3+1152243]
Ordinal0 [0x008B83F5+1147893]
BaseThreadInitThunk [0x76416359+25]
RtlGetAppContainerNamedObjectPath [0x775D7C24+228]
RtlGetAppContainerNamedObjectPath [0x775D7BF4+180]

at org.openqa.selenium.remote.W3CHandshakeResponse.lambda$errorHandler$0(W3CHandshakeResponse.java:62)
at org.openqa.selenium.remote.HandshakeResponse.lambda$getResponseFunction$0(HandshakeResponse.java:30)
at org.openqa.selenium.remote.ProtocolHandshake.lambda$createSession$0(ProtocolHandshake.java:126)
at java.util.stream.ReferencePipeline$3$1.accept(ReferencePipeline.java:193)
at java.util.Spliterators$ArraySpliterator.tryAdvance(Spliterators.java:958)
at java.util.stream.ReferencePipeline.forEachWithCancel(ReferencePipeline.java:126)
at java.util.stream.AbstractPipeline.copyIntoWithCancel(AbstractPipeline.java:498)
at java.util.stream.AbstractPipeline.copyInto(AbstractPipeline.java:485)
at java.util.stream.AbstractPipeline.wrapAndCopyInto(AbstractPipeline.java:471)
at java.util.stream.FindOps$FindOp.evaluateSequential(FindOps.java:152)
at java.util.stream.AbstractPipeline.evaluate(AbstractPipeline.java:234)
at java.util.stream.ReferencePipeline.findFirst(ReferencePipeline.java:464)
at org.openqa.selenium.remote.ProtocolHandshake.createSession(ProtocolHandshake.java:128)
at org.openqa.selenium.remote.ProtocolHandshake.createSession(ProtocolHandshake.java:74)
at org.openqa.selenium.remote.HttpCommandExecutor.execute(HttpCommandExecutor.java:136)
at org.openqa.selenium.remote.service.DriverCommandExecutor.execute(DriverCommandExecutor.java:83)
at org.openqa.selenium.remote.RemoteWebDriver.execute(RemoteWebDriver.java:552)
at org.openqa.selenium.remote.RemoteWebDriver.startSession(RemoteWebDriver.java:213)
at org.openqa.selenium.remote.RemoteWebDriver.<init>(RemoteWebDriver.java:131)
at org.openqa.selenium.chrome.ChromeDriver.<init>(ChromeDriver.java:181)
at org.openqa.selenium.chrome.ChromeDriver.<init>(ChromeDriver.java:168)
at org.openqa.selenium.chrome.ChromeDriver.<init>(ChromeDriver.java:123)
at com.common.Base.getDriver(Base.java:13)
at com.stepdef.LoginStep.go_to_homepage(LoginStep.java:19)
at âœ½.Given go to homepage(log.feature:3)
... Removed 38 stack frames]]>
    </failure>
  </testcase> <!-- feature -->
</testsuite> <!-- Command line test -->
