<?xml version="1.0" encoding="UTF-8"?>
<!-- Generated by org.testng.reporters.JUnitReportReporter -->
<testsuite skipped="0" hostname="Bulbul-XPS" name="com.testrunner.TestRunner" tests="1" failures="0" timestamp="07 Sep 2020 18:25:43 GMT" time="2.638" errors="1">
  <testcase name="feature" time="2.638" classname="com.testrunner.TestRunner">
    <error type="cucumber.runtime.CucumberException" message="org.openqa.selenium.SessionNotCreatedException: session not created: This version of ChromeDriver only supports Chrome version 79
Build info: version: &#039;3.141.59&#039;, revision: &#039;e82be7d358&#039;, time: &#039;2018-11-14T08:17:03&#039;
System info: host: &#039;BULBUL-XPS&#039;, ip: &#039;10.67.110.241&#039;, os.name: &#039;Windows 10&#039;, os.arch: &#039;amd64&#039;, os.version: &#039;10.0&#039;, java.version: &#039;1.8.0_201&#039;
Driver info: driver.version: ChromeDriver
remote stacktrace: Backtrace:
	Ordinal0 [0x0091A113+1548563]
	Ordinal0 [0x0089DDA1+1039777]
	Ordinal0 [0x0081E485+517253]
	Ordinal0 [0x007AFD34+64820]
	Ordinal0 [0x007AC61E+50718]
	Ordinal0 [0x007CB797+178071]
	Ordinal0 [0x007CB59D+177565]
	Ordinal0 [0x007C95FB+169467]
	Ordinal0 [0x007B160A+71178]
	Ordinal0 [0x007B2690+75408]
	Ordinal0 [0x007B2629+75305]
	Ordinal0 [0x008B71B7+1143223]
	GetHandleVerifier [0x009B2B46+507814]
	GetHandleVerifier [0x009B2864+507076]
	GetHandleVerifier [0x009B9F47+537511]
	GetHandleVerifier [0x009B3402+510050]
	Ordinal0 [0x008AF29C+1110684]
	Ordinal0 [0x008B938B+1151883]
	Ordinal0 [0x008B94F3+1152243]
	Ordinal0 [0x008B83F5+1147893]
	BaseThreadInitThunk [0x76416359+25]
	RtlGetAppContainerNamedObjectPath [0x775D7C24+228]
	RtlGetAppContainerNamedObjectPath [0x775D7BF4+180]
">
      <![CDATA[cucumber.runtime.CucumberException: org.openqa.selenium.SessionNotCreatedException: session not created: This version of ChromeDriver only supports Chrome version 79
Build info: version: '3.141.59', revision: 'e82be7d358', time: '2018-11-14T08:17:03'
System info: host: 'BULBUL-XPS', ip: '10.67.110.241', os.name: 'Windows 10', os.arch: 'amd64', os.version: '10.0', java.version: '1.8.0_201'
Driver info: driver.version: ChromeDriver
remote stacktrace: Backtrace:
Ordinal0 [0x0091A113+1548563]
Ordinal0 [0x0089DDA1+1039777]
Ordinal0 [0x0081E485+517253]
Ordinal0 [0x007AFD34+64820]
Ordinal0 [0x007AC61E+50718]
Ordinal0 [0x007CB797+178071]
Ordinal0 [0x007CB59D+177565]
Ordinal0 [0x007C95FB+169467]
Ordinal0 [0x007B160A+71178]
Ordinal0 [0x007B2690+75408]
Ordinal0 [0x007B2629+75305]
Ordinal0 [0x008B71B7+1143223]
GetHandleVerifier [0x009B2B46+507814]
GetHandleVerifier [0x009B2864+507076]
GetHandleVerifier [0x009B9F47+537511]
GetHandleVerifier [0x009B3402+510050]
Ordinal0 [0x008AF29C+1110684]
Ordinal0 [0x008B938B+1151883]
Ordinal0 [0x008B94F3+1152243]
Ordinal0 [0x008B83F5+1147893]
BaseThreadInitThunk [0x76416359+25]
RtlGetAppContainerNamedObjectPath [0x775D7C24+228]
RtlGetAppContainerNamedObjectPath [0x775D7BF4+180]

at cucumber.api.testng.TestNGCucumberRunner.runCucumber(TestNGCucumberRunner.java:69)
at cucumber.api.testng.AbstractTestNGCucumberTests.feature(AbstractTestNGCucumberTests.java:21)
at sun.reflect.NativeMethodAccessorImpl.invoke0(Native Method)
at sun.reflect.NativeMethodAccessorImpl.invoke(NativeMethodAccessorImpl.java:62)
at sun.reflect.DelegatingMethodAccessorImpl.invoke(DelegatingMethodAccessorImpl.java:43)
at java.lang.reflect.Method.invoke(Method.java:498)
at org.testng.internal.MethodInvocationHelper.invokeMethod(MethodInvocationHelper.java:124)
at org.testng.internal.Invoker.invokeMethod(Invoker.java:583)
at org.testng.internal.Invoker.invokeTestMethod(Invoker.java:719)
at org.testng.internal.Invoker.invokeTestMethods(Invoker.java:989)
at org.testng.internal.TestMethodWorker.invokeTestMethods(TestMethodWorker.java:125)
at org.testng.internal.TestMethodWorker.run(TestMethodWorker.java:109)
at org.testng.TestRunner.privateRun(TestRunner.java:648)
at org.testng.TestRunner.run(TestRunner.java:505)
at org.testng.SuiteRunner.runTest(SuiteRunner.java:455)
at org.testng.SuiteRunner.runSequentially(SuiteRunner.java:450)
at org.testng.SuiteRunner.privateRun(SuiteRunner.java:415)
at org.testng.SuiteRunner.run(SuiteRunner.java:364)
at org.testng.SuiteRunnerWorker.runSuite(SuiteRunnerWorker.java:52)
at org.testng.SuiteRunnerWorker.run(SuiteRunnerWorker.java:84)
at org.testng.TestNG.runSuitesSequentially(TestNG.java:1208)
at org.testng.TestNG.runSuitesLocally(TestNG.java:1137)
at org.testng.TestNG.runSuites(TestNG.java:1049)
at org.testng.TestNG.run(TestNG.java:1017)
at org.apache.maven.surefire.testng.TestNGExecutor.run(TestNGExecutor.java:77)
at org.apache.maven.surefire.testng.TestNGDirectoryTestSuite.execute(TestNGDirectoryTestSuite.java:110)
at org.apache.maven.surefire.testng.TestNGProvider.invoke(TestNGProvider.java:106)
at sun.reflect.NativeMethodAccessorImpl.invoke0(Native Method)
at sun.reflect.NativeMethodAccessorImpl.invoke(NativeMethodAccessorImpl.java:62)
at sun.reflect.DelegatingMethodAccessorImpl.invoke(DelegatingMethodAccessorImpl.java:43)
at java.lang.reflect.Method.invoke(Method.java:498)
at org.apache.maven.surefire.util.ReflectionUtils.invokeMethodWithArray(ReflectionUtils.java:189)
at org.apache.maven.surefire.booter.ProviderFactory$ProviderProxy.invoke(ProviderFactory.java:165)
at org.apache.maven.surefire.booter.ProviderFactory.invokeProvider(ProviderFactory.java:85)
at org.apache.maven.surefire.booter.ForkedBooter.runSuitesInProcess(ForkedBooter.java:115)
at org.apache.maven.surefire.booter.ForkedBooter.main(ForkedBooter.java:75)
Caused by: org.openqa.selenium.SessionNotCreatedException: session not created: This version of ChromeDriver only supports Chrome version 79
Build info: version: '3.141.59', revision: 'e82be7d358', time: '2018-11-14T08:17:03'
System info: host: 'BULBUL-XPS', ip: '10.67.110.241', os.name: 'Windows 10', os.arch: 'amd64', os.version: '10.0', java.version: '1.8.0_201'
Driver info: driver.version: ChromeDriver
remote stacktrace: Backtrace:
Ordinal0 [0x0091A113+1548563]
Ordinal0 [0x0089DDA1+1039777]
Ordinal0 [0x0081E485+517253]
Ordinal0 [0x007AFD34+64820]
Ordinal0 [0x007AC61E+50718]
Ordinal0 [0x007CB797+178071]
Ordinal0 [0x007CB59D+177565]
Ordinal0 [0x007C95FB+169467]
Ordinal0 [0x007B160A+71178]
Ordinal0 [0x007B2690+75408]
Ordinal0 [0x007B2629+75305]
Ordinal0 [0x008B71B7+1143223]
GetHandleVerifier [0x009B2B46+507814]
GetHandleVerifier [0x009B2864+507076]
GetHandleVerifier [0x009B9F47+537511]
GetHandleVerifier [0x009B3402+510050]
Ordinal0 [0x008AF29C+1110684]
Ordinal0 [0x008B938B+1151883]
Ordinal0 [0x008B94F3+1152243]
Ordinal0 [0x008B83F5+1147893]
BaseThreadInitThunk [0x76416359+25]
RtlGetAppContainerNamedObjectPath [0x775D7C24+228]
RtlGetAppContainerNamedObjectPath [0x775D7BF4+180]

at sun.reflect.NativeConstructorAccessorImpl.newInstance0(Native Method)
at sun.reflect.NativeConstructorAccessorImpl.newInstance(NativeConstructorAccessorImpl.java:62)
at sun.reflect.DelegatingConstructorAccessorImpl.newInstance(DelegatingConstructorAccessorImpl.java:45)
at java.lang.reflect.Constructor.newInstance(Constructor.java:423)
at org.openqa.selenium.remote.W3CHandshakeResponse.lambda$errorHandler$0(W3CHandshakeResponse.java:62)
at org.openqa.selenium.remote.HandshakeResponse.lambda$getResponseFunction$0(HandshakeResponse.java:30)
at org.openqa.selenium.remote.ProtocolHandshake.lambda$createSession$0(ProtocolHandshake.java:126)
at java.util.stream.ReferencePipeline$3$1.accept(ReferencePipeline.java:193)
at java.util.Spliterators$ArraySpliterator.tryAdvance(Spliterators.java:958)
at java.util.stream.ReferencePipeline.forEachWithCancel(ReferencePipeline.java:126)
at java.util.stream.AbstractPipeline.copyIntoWithCancel(AbstractPipeline.java:498)
at java.util.stream.AbstractPipeline.copyInto(AbstractPipeline.java:485)
at java.util.stream.AbstractPipeline.wrapAndCopyInto(AbstractPipeline.java:471)
at java.util.stream.FindOps$FindOp.evaluateSequential(FindOps.java:152)
at java.util.stream.AbstractPipeline.evaluate(AbstractPipeline.java:234)
at java.util.stream.ReferencePipeline.findFirst(ReferencePipeline.java:464)
at org.openqa.selenium.remote.ProtocolHandshake.createSession(ProtocolHandshake.java:128)
at org.openqa.selenium.remote.ProtocolHandshake.createSession(ProtocolHandshake.java:74)
at org.openqa.selenium.remote.HttpCommandExecutor.execute(HttpCommandExecutor.java:136)
at org.openqa.selenium.remote.service.DriverCommandExecutor.execute(DriverCommandExecutor.java:83)
at org.openqa.selenium.remote.RemoteWebDriver.execute(RemoteWebDriver.java:552)
at org.openqa.selenium.remote.RemoteWebDriver.startSession(RemoteWebDriver.java:213)
at org.openqa.selenium.remote.RemoteWebDriver.<init>(RemoteWebDriver.java:131)
at org.openqa.selenium.chrome.ChromeDriver.<init>(ChromeDriver.java:181)
at org.openqa.selenium.chrome.ChromeDriver.<init>(ChromeDriver.java:168)
at org.openqa.selenium.chrome.ChromeDriver.<init>(ChromeDriver.java:123)
at com.common.Base.getDriver(Base.java:13)
at com.stepdef.LoginStep.go_to_homepage(LoginStep.java:19)
at âœ½.Given go to homepage(log.feature:3)
]]>
    </error>
  </testcase> <!-- feature -->
</testsuite> <!-- com.testrunner.TestRunner -->
